0 info it worked if it ends with ok
1 verbose cli [ '/Users/seankim/.nvm/versions/node/v6.10.3/bin/node',
1 verbose cli   '/Users/seankim/.nvm/versions/node/v6.10.3/bin/npm',
1 verbose cli   'run',
1 verbose cli   'server' ]
2 info using npm@3.10.10
3 info using node@v6.10.3
4 verbose run-script [ 'preserver', 'server', 'postserver' ]
5 info lifecycle friendly-robot-server@1.0.0~preserver: friendly-robot-server@1.0.0
6 silly lifecycle friendly-robot-server@1.0.0~preserver: no script for preserver, continuing
7 info lifecycle friendly-robot-server@1.0.0~server: friendly-robot-server@1.0.0
8 verbose lifecycle friendly-robot-server@1.0.0~server: unsafe-perm in lifecycle true
9 verbose lifecycle friendly-robot-server@1.0.0~server: PATH: /Users/seankim/.nvm/versions/node/v6.10.3/lib/node_modules/npm/bin/node-gyp-bin:/Users/seankim/workspace/server-friendly-robot/node_modules/.bin:/Users/seankim/.nvm/versions/node/v6.10.3/lib/node_modules/npm/bin/node-gyp-bin:/Users/seankim/workspace/server-friendly-robot/node_modules/.bin:/Library/Frameworks/Python.framework/Versions/3.6/bin:/Users/seankim/.nvm/versions/node/v6.10.3/bin:/Users/seankim/.rvm/gems/ruby-2.0.0-p648/bin:/Users/seankim/.rvm/gems/ruby-2.0.0-p648@global/bin:/Users/seankim/.rvm/rubies/ruby-2.0.0-p648/bin:/usr/local/bin:/usr/bin:/bin:/usr/sbin:/sbin:/opt/X11/bin:/Users/seankim/.rvm/bin:/Users/seankim/.rvm/bin
10 verbose lifecycle friendly-robot-server@1.0.0~server: CWD: /Users/seankim/workspace/server-friendly-robot
11 silly lifecycle friendly-robot-server@1.0.0~server: Args: [ '-c', 'babel-node start-server.js' ]
12 silly lifecycle friendly-robot-server@1.0.0~server: Returned: code: 1  signal: null
13 info lifecycle friendly-robot-server@1.0.0~server: Failed to exec server script
14 verbose stack Error: friendly-robot-server@1.0.0 server: `babel-node start-server.js`
14 verbose stack Exit status 1
14 verbose stack     at EventEmitter.<anonymous> (/Users/seankim/.nvm/versions/node/v6.10.3/lib/node_modules/npm/lib/utils/lifecycle.js:255:16)
14 verbose stack     at emitTwo (events.js:106:13)
14 verbose stack     at EventEmitter.emit (events.js:191:7)
14 verbose stack     at ChildProcess.<anonymous> (/Users/seankim/.nvm/versions/node/v6.10.3/lib/node_modules/npm/lib/utils/spawn.js:40:14)
14 verbose stack     at emitTwo (events.js:106:13)
14 verbose stack     at ChildProcess.emit (events.js:191:7)
14 verbose stack     at maybeClose (internal/child_process.js:886:16)
14 verbose stack     at Process.ChildProcess._handle.onexit (internal/child_process.js:226:5)
15 verbose pkgid friendly-robot-server@1.0.0
16 verbose cwd /Users/seankim/workspace/server-friendly-robot
17 error Darwin 16.4.0
18 error argv "/Users/seankim/.nvm/versions/node/v6.10.3/bin/node" "/Users/seankim/.nvm/versions/node/v6.10.3/bin/npm" "run" "server"
19 error node v6.10.3
20 error npm  v3.10.10
21 error code ELIFECYCLE
22 error friendly-robot-server@1.0.0 server: `babel-node start-server.js`
22 error Exit status 1
23 error Failed at the friendly-robot-server@1.0.0 server script 'babel-node start-server.js'.
23 error Make sure you have the latest version of node.js and npm installed.
23 error If you do, this is most likely a problem with the friendly-robot-server package,
23 error not with npm itself.
23 error Tell the author that this fails on your system:
23 error     babel-node start-server.js
23 error You can get information on how to open an issue for this project with:
23 error     npm bugs friendly-robot-server
23 error Or if that isn't available, you can get their info via:
23 error     npm owner ls friendly-robot-server
23 error There is likely additional logging output above.
24 verbose exit [ 1, true ]
